<?xml version="1.0" encoding="UTF-8"?>
<testsuite name="com.tksan.shinbutsu.ShinbutsuApplicationTests" tests="1" skipped="0" failures="0" errors="0" timestamp="2026-01-17T06:48:50.380Z" hostname="tsukakousukenoMacBook-Pro.local" time="0.944">
  <properties/>
  <testcase name="contextLoads()" classname="com.tksan.shinbutsu.ShinbutsuApplicationTests" time="0.944"/>
  <system-out><![CDATA[15:48:48.069 [Test worker] INFO org.springframework.test.context.support.AnnotationConfigContextLoaderUtils -- Could not detect default configuration classes for test class [com.tksan.shinbutsu.ShinbutsuApplicationTests]: ShinbutsuApplicationTests does not declare any static, non-private, non-final, nested classes annotated with @Configuration.
15:48:48.225 [Test worker] INFO org.springframework.boot.test.context.SpringBootTestContextBootstrapper -- Found @SpringBootConfiguration com.tksan.shinbutsu.ShinbutsuApplication for test class com.tksan.shinbutsu.ShinbutsuApplicationTests

  .   ____          _            __ _ _
 /\\ / ___'_ __ _ _(_)_ __  __ _ \ \ \ \
( ( )\___ | '_ | '_| | '_ \/ _` | \ \ \ \
 \\/  ___)| |_)| | | | | || (_| |  ) ) ) )
  '  |____| .__|_| |_|_| |_\__, | / / / /
 =========|_|==============|___/=/_/_/_/

 :: Spring Boot ::                (v4.0.1)

2026-01-17T15:48:48.770+09:00  INFO 19875 --- [shinbutsu] [    Test worker] c.t.shinbutsu.ShinbutsuApplicationTests  : Starting ShinbutsuApplicationTests using Java 21.0.6 with PID 19875 (started by tsukakosuke in /Users/tsukakosuke/Documents/projects/shinbutsu)
2026-01-17T15:48:48.772+09:00  INFO 19875 --- [shinbutsu] [    Test worker] c.t.shinbutsu.ShinbutsuApplicationTests  : No active profile set, falling back to 1 default profile: "default"
2026-01-17T15:48:50.368+09:00  INFO 19875 --- [shinbutsu] [    Test worker] c.t.shinbutsu.ShinbutsuApplicationTests  : Started ShinbutsuApplicationTests in 1.954 seconds (process running for 3.677)
]]></system-out>
  <system-err><![CDATA[Mockito is currently self-attaching to enable the inline-mock-maker. This will no longer work in future releases of the JDK. Please add Mockito as an agent to your build as described in Mockito's documentation: https://javadoc.io/doc/org.mockito/mockito-core/latest/org.mockito/org/mockito/Mockito.html#0.3
WARNING: A Java agent has been loaded dynamically (/Users/tsukakosuke/.gradle/caches/modules-2/files-2.1/net.bytebuddy/byte-buddy-agent/1.17.8/f09415827a71be7ed621c7bd02550678f28bc81c/byte-buddy-agent-1.17.8.jar)
WARNING: If a serviceability tool is in use, please run with -XX:+EnableDynamicAgentLoading to hide this warning
WARNING: If a serviceability tool is not in use, please run with -Djdk.instrument.traceUsage for more information
WARNING: Dynamic loading of agents will be disallowed by default in a future release
]]></system-err>
</testsuite>
